ERROR:root:Error loading page 3: Message: unknown error: net::ERR_CONNECTION_RESET
  (Session info: chrome=131.0.6778.265)
Stacktrace:
	GetHandleVerifier [0x00007FF7199B80D5+2992373]
	(No symbol) [0x00007FF71964BFD0]
	(No symbol) [0x00007FF7194E590A]
	(No symbol) [0x00007FF7194E3061]
	(No symbol) [0x00007FF7194D3BD9]
	(No symbol) [0x00007FF7194D592F]
	(No symbol) [0x00007FF7194D3E9F]
	(No symbol) [0x00007FF7194D371D]
	(No symbol) [0x00007FF7194D363A]
	(No symbol) [0x00007FF7194D1251]
	(No symbol) [0x00007FF7194D1B1C]
	(No symbol) [0x00007FF7194E89DA]
	(No symbol) [0x00007FF71958038E]
	(No symbol) [0x00007FF71955F36A]
	(No symbol) [0x00007FF71957F584]
	(No symbol) [0x00007FF71955F113]
	(No symbol) [0x00007FF71952A918]
	(No symbol) [0x00007FF71952BA81]
	GetHandleVerifier [0x00007FF719A16A2D+3379789]
	GetHandleVerifier [0x00007FF719A2C32D+3468109]
	GetHandleVerifier [0x00007FF719A20043+3418211]
	GetHandleVerifier [0x00007FF7197AC78B+847787]
	(No symbol) [0x00007FF71965757F]
	(No symbol) [0x00007FF719652FC4]
	(No symbol) [0x00007FF71965315D]
	(No symbol) [0x00007FF719642979]
	BaseThreadInitThunk [0x00007FFDA0D77374+20]
	RtlUserThreadStart [0x00007FFDA19DCC91+33]

ERROR:root:Error loading page 4: Message: 

ERROR:root:Error loading page 5: Message: unknown error: net::ERR_CONNECTION_RESET
  (Session info: chrome=131.0.6778.265)
Stacktrace:
	GetHandleVerifier [0x00007FF7199B80D5+2992373]
	(No symbol) [0x00007FF71964BFD0]
	(No symbol) [0x00007FF7194E590A]
	(No symbol) [0x00007FF7194E3061]
	(No symbol) [0x00007FF7194D3BD9]
	(No symbol) [0x00007FF7194D592F]
	(No symbol) [0x00007FF7194D3E9F]
	(No symbol) [0x00007FF7194D371D]
	(No symbol) [0x00007FF7194D363A]
	(No symbol) [0x00007FF7194D1251]
	(No symbol) [0x00007FF7194D1B1C]
	(No symbol) [0x00007FF7194E89DA]
	(No symbol) [0x00007FF71958038E]
	(No symbol) [0x00007FF71955F36A]
	(No symbol) [0x00007FF71957F584]
	(No symbol) [0x00007FF71955F113]
	(No symbol) [0x00007FF71952A918]
	(No symbol) [0x00007FF71952BA81]
	GetHandleVerifier [0x00007FF719A16A2D+3379789]
	GetHandleVerifier [0x00007FF719A2C32D+3468109]
	GetHandleVerifier [0x00007FF719A20043+3418211]
	GetHandleVerifier [0x00007FF7197AC78B+847787]
	(No symbol) [0x00007FF71965757F]
	(No symbol) [0x00007FF719652FC4]
	(No symbol) [0x00007FF71965315D]
	(No symbol) [0x00007FF719642979]
	BaseThreadInitThunk [0x00007FFDA0D77374+20]
	RtlUserThreadStart [0x00007FFDA19DCC91+33]

ERROR:root:Error loading page 7: HTTPConnectionPool(host='localhost', port=58990): Read timed out. (read timeout=120)
ERROR:root:Error loading page 1: HTTPConnectionPool(host='localhost', port=59726): Read timed out. (read timeout=120)
